# JRE version: OpenJDK Runtime Environment (26.0+35) (build 26+35-2893)
# Java VM: OpenJDK 64-Bit Server VM (26+35-2893, mixed mode, emulated-client, sharing, tiered, compressed oops, compressed class ptrs, g1 gc, windows-amd64)
GC Precious Log:
 CardTable entry size: 512
 Card Set container configuration: InlinePtr #cards 4 size 8 Array Of Cards #cards 32 size 80 Howl #buckets 8 coarsen threshold 7372 Howl Bitmap #cards 1024 size 144 coarsen threshold 921 Card regions per heap region 1 cards per card region 8192
 CPUs: 8 total, 8 available
 Memory: 20217M
 Large Page Support: Disabled
 NUMA Support: Disabled
 Compressed Oops: Enabled (Zero based)
 Heap Region Size: 4M
 Heap Min Capacity: 8M
 Heap Initial Capacity: 8M
 Heap Max Capacity: 5056M
 Pre-touch: Disabled
 Parallel Workers: 8
 Concurrent Workers: 2
 Concurrent Refinement Workers: 8
 Periodic GC: Disabled
Heap:
 garbage-first heap   total reserved 5177344K, committed 81920K, used 38243K [0x00000006c4000000, 0x0000000800000000)
  region size 4M, 4 eden (16M), 2 survivor (8M), 4 old (16M), 0 humongous (0M), 8 free (32M)
GC Heap Usage History (20 events):
Event: 0.257 {heap After GC invocations=2 (full 0):
 garbage-first heap   total reserved 5177344K, committed 20480K, used 7268K [0x00000006c4000000, 0x0000000800000000)
  region size 4M, 0 eden (0M), 1 survivor (4M), 2 old (8M), 0 humongous (0M), 2 free (8M)
}
Event: 0.388 {heap Before GC invocations=3 (full 0):
 garbage-first heap   total reserved 5177344K, committed 20480K, used 11364K [0x00000006c4000000, 0x0000000800000000)
  region size 4M, 1 eden (4M), 1 survivor (4M), 2 old (8M), 0 humongous (0M), 1 free (4M)
}
Event: 0.391 {heap After GC invocations=4 (full 0):
 garbage-first heap   total reserved 5177344K, committed 32768K, used 7966K [0x00000006c4000000, 0x0000000800000000)
  region size 4M, 0 eden (0M), 1 survivor (4M), 3 old (12M), 0 humongous (0M), 4 free (16M)
}
Event: 0.498 {heap Before GC invocations=4 (full 0):
 garbage-first heap   total reserved 5177344K, committed 32768K, used 12062K [0x00000006c4000000, 0x0000000800000000)
  region size 4M, 1 eden (4M), 1 survivor (4M), 3 old (12M), 0 humongous (0M), 3 free (12M)
}
Event: 0.503 {heap After GC invocations=5 (full 0):
 garbage-first heap   total reserved 5177344K, committed 32768K, used 8520K [0x00000006c4000000, 0x0000000800000000)
  region size 4M, 0 eden (0M), 1 survivor (4M), 2 old (8M), 0 humongous (0M), 5 free (20M)
}
Event: 0.699 {heap Before GC invocations=5 (full 0):
 garbage-first heap   total reserved 5177344K, committed 32768K, used 12616K [0x00000006c4000000, 0x0000000800000000)
  region size 4M, 2 eden (8M), 1 survivor (4M), 2 old (8M), 0 humongous (0M), 3 free (12M)
}
Event: 0.702 {heap After GC invocations=6 (full 0):
 garbage-first heap   total reserved 5177344K, committed 32768K, used 9178K [0x00000006c4000000, 0x0000000800000000)
  region size 4M, 0 eden (0M), 1 survivor (4M), 2 old (8M), 0 humongous (0M), 5 free (20M)
}
Event: 0.944 {heap Before GC invocations=6 (full 0):
 garbage-first heap   total reserved 5177344K, committed 32768K, used 21466K [0x00000006c4000000, 0x0000000800000000)
  region size 4M, 3 eden (12M), 1 survivor (4M), 2 old (8M), 0 humongous (0M), 2 free (8M)
}
Event: 0.950 {heap After GC invocations=7 (full 0):
 garbage-first heap   total reserved 5177344K, committed 32768K, used 10563K [0x00000006c4000000, 0x0000000800000000)
  region size 4M, 0 eden (0M), 1 survivor (4M), 2 old (8M), 0 humongous (0M), 5 free (20M)
}
Event: 1.085 {heap Before GC invocations=7 (full 0):
 garbage-first heap   total reserved 5177344K, committed 32768K, used 22851K [0x00000006c4000000, 0x0000000800000000)
  region size 4M, 3 eden (12M), 1 survivor (4M), 2 old (8M), 0 humongous (0M), 2 free (8M)
}
Event: 1.089 {heap After GC invocations=8 (full 0):
 garbage-first heap   total reserved 5177344K, committed 81920K, used 11039K [0x00000006c4000000, 0x0000000800000000)
  region size 4M, 0 eden (0M), 1 survivor (4M), 3 old (12M), 0 humongous (0M), 16 free (64M)
}
Event: 1.485 {heap Before GC invocations=8 (full 0):
 garbage-first heap   total reserved 5177344K, committed 81920K, used 51999K [0x00000006c4000000, 0x0000000800000000)
  region size 4M, 11 eden (44M), 1 survivor (4M), 3 old (12M), 0 humongous (0M), 5 free (20M)
}
Event: 1.491 {heap After GC invocations=9 (full 0):
 garbage-first heap   total reserved 5177344K, committed 81920K, used 16050K [0x00000006c4000000, 0x0000000800000000)
  region size 4M, 0 eden (0M), 2 survivor (8M), 3 old (12M), 0 humongous (0M), 15 free (60M)
}
Event: 1.494 {heap Before GC invocations=9 (full 0):
 garbage-first heap   total reserved 5177344K, committed 81920K, used 16050K [0x00000006c4000000, 0x0000000800000000)
  region size 4M, 1 eden (4M), 2 survivor (8M), 3 old (12M), 0 humongous (0M), 14 free (56M)
}
Event: 1.499 {heap After GC invocations=10 (full 0):
 garbage-first heap   total reserved 5177344K, committed 81920K, used 17052K [0x00000006c4000000, 0x0000000800000000)
  region size 4M, 0 eden (0M), 1 survivor (4M), 4 old (16M), 0 humongous (0M), 15 free (60M)
}
Event: 1.949 {heap Before GC invocations=11 (full 0):
 garbage-first heap   total reserved 5177344K, committed 81920K, used 62108K [0x00000006c4000000, 0x0000000800000000)
  region size 4M, 11 eden (44M), 1 survivor (4M), 4 old (16M), 0 humongous (0M), 4 free (16M)
}
Event: 1.955 {heap After GC invocations=12 (full 0):
 garbage-first heap   total reserved 5177344K, committed 81920K, used 20558K [0x00000006c4000000, 0x0000000800000000)
  region size 4M, 0 eden (0M), 2 survivor (8M), 4 old (16M), 0 humongous (0M), 14 free (56M)
}
Event: 2.474 {heap Before GC invocations=12 (full 0):
 garbage-first heap   total reserved 5177344K, committed 81920K, used 61518K [0x00000006c4000000, 0x0000000800000000)
  region size 4M, 10 eden (40M), 2 survivor (8M), 4 old (16M), 0 humongous (0M), 4 free (16M)
}
Event: 2.483 {heap After GC invocations=13 (full 0):
 garbage-first heap   total reserved 5177344K, committed 81920K, used 23714K [0x00000006c4000000, 0x0000000800000000)
  region size 4M, 0 eden (0M), 1 survivor (4M), 5 old (20M), 0 humongous (0M), 14 free (56M)
}
Event: 2.684 {heap Before GC invocations=13 (full 0):
 garbage-first heap   total reserved 5177344K, committed 81920K, used 36002K [0x00000006c4000000, 0x0000000800000000)
  region size 4M, 4 eden (16M), 1 survivor (4M), 5 old (20M), 0 humongous (0M), 10 free (40M)
}

